{"D:\\Manh\\MyProject\\CLV\\Task_Management_New\\task-mangement\\auth_service\\src\\app.controller.spec.ts": {"path":"D:\\Manh\\MyProject\\CLV\\Task_Management_New\\task-mangement\\auth_service\\src\\app.controller.spec.ts","statementMap":{"0":{"start":{"line":1,"column":0},"end":{"line":1,"column":54}},"1":{"start":{"line":2,"column":0},"end":{"line":2,"column":49}},"2":{"start":{"line":3,"column":0},"end":{"line":3,"column":43}},"3":{"start":{"line":5,"column":0},"end":{"line":22,"column":3}},"4":{"start":{"line":8,"column":2},"end":{"line":15,"column":5}},"5":{"start":{"line":9,"column":31},"end":{"line":12,"column":16}},"6":{"start":{"line":14,"column":4},"end":{"line":14,"column":58}},"7":{"start":{"line":17,"column":2},"end":{"line":21,"column":5}},"8":{"start":{"line":18,"column":4},"end":{"line":20,"column":7}},"9":{"start":{"line":19,"column":6},"end":{"line":19,"column":60}}},"fnMap":{"0":{"name":"(anonymous_0)","decl":{"start":{"line":5,"column":26},"end":{"line":5,"column":29}},"loc":{"start":{"line":5,"column":31},"end":{"line":22,"column":1}}},"1":{"name":"(anonymous_1)","decl":{"start":{"line":8,"column":13},"end":{"line":8,"column":18}},"loc":{"start":{"line":8,"column":24},"end":{"line":15,"column":3}}},"2":{"name":"(anonymous_2)","decl":{"start":{"line":17,"column":19},"end":{"line":17,"column":22}},"loc":{"start":{"line":17,"column":24},"end":{"line":21,"column":3}}},"3":{"name":"(anonymous_3)","decl":{"start":{"line":18,"column":39},"end":{"line":18,"column":42}},"loc":{"start":{"line":18,"column":44},"end":{"line":20,"column":5}}}},"branchMap":{},"s":{"0":0,"1":0,"2":0,"3":0,"4":0,"5":0,"6":0,"7":0,"8":0,"9":0},"f":{"0":0,"1":0,"2":0,"3":0},"b":{}}
,"D:\\Manh\\MyProject\\CLV\\Task_Management_New\\task-mangement\\auth_service\\src\\auth\\auth.controller.spec.ts": {"path":"D:\\Manh\\MyProject\\CLV\\Task_Management_New\\task-mangement\\auth_service\\src\\auth\\auth.controller.spec.ts","statementMap":{"0":{"start":{"line":1,"column":0},"end":{"line":1,"column":54}},"1":{"start":{"line":2,"column":0},"end":{"line":2,"column":51}},"2":{"start":{"line":4,"column":0},"end":{"line":18,"column":3}},"3":{"start":{"line":7,"column":2},"end":{"line":13,"column":5}},"4":{"start":{"line":8,"column":34},"end":{"line":10,"column":16}},"5":{"start":{"line":12,"column":4},"end":{"line":12,"column":60}},"6":{"start":{"line":15,"column":2},"end":{"line":17,"column":5}},"7":{"start":{"line":16,"column":4},"end":{"line":16,"column":37}}},"fnMap":{"0":{"name":"(anonymous_0)","decl":{"start":{"line":4,"column":27},"end":{"line":4,"column":30}},"loc":{"start":{"line":4,"column":32},"end":{"line":18,"column":1}}},"1":{"name":"(anonymous_1)","decl":{"start":{"line":7,"column":13},"end":{"line":7,"column":18}},"loc":{"start":{"line":7,"column":24},"end":{"line":13,"column":3}}},"2":{"name":"(anonymous_2)","decl":{"start":{"line":15,"column":26},"end":{"line":15,"column":29}},"loc":{"start":{"line":15,"column":31},"end":{"line":17,"column":3}}}},"branchMap":{},"s":{"0":0,"1":0,"2":0,"3":0,"4":0,"5":0,"6":0,"7":0},"f":{"0":0,"1":0,"2":0},"b":{}}
,"D:\\Manh\\MyProject\\CLV\\Task_Management_New\\task-mangement\\auth_service\\src\\auth\\auth.guard.ts": {"path":"D:\\Manh\\MyProject\\CLV\\Task_Management_New\\task-mangement\\auth_service\\src\\auth\\auth.guard.ts","statementMap":{"0":{"start":{"line":1,"column":0},"end":{"line":1,"column":null}},"1":{"start":{"line":7,"column":0},"end":{"line":7,"column":47}},"2":{"start":{"line":8,"column":0},"end":{"line":8,"column":41}},"3":{"start":{"line":9,"column":0},"end":{"line":9,"column":53}},"4":{"start":{"line":13,"column":7},"end":{"line":44,"column":null}},"5":{"start":{"line":15,"column":12},"end":{"line":15,"column":24}},"6":{"start":{"line":16,"column":12},"end":{"line":16,"column":27}},"7":{"start":{"line":20,"column":17},"end":{"line":20,"column":34}},"8":{"start":{"line":21,"column":19},"end":{"line":21,"column":28}},"9":{"start":{"line":23,"column":4},"end":{"line":29,"column":5}},"10":{"start":{"line":24,"column":23},"end":{"line":24,"column":47}},"11":{"start":{"line":25,"column":6},"end":{"line":27,"column":7}},"12":{"start":{"line":26,"column":8},"end":{"line":26,"column":21}},"13":{"start":{"line":28,"column":6},"end":{"line":28,"column":48}},"14":{"start":{"line":30,"column":4},"end":{"line":32,"column":5}},"15":{"start":{"line":31,"column":6},"end":{"line":31,"column":38}},"16":{"start":{"line":33,"column":18},"end":{"line":33,"column":55}},"17":{"start":{"line":34,"column":4},"end":{"line":42,"column":5}},"18":{"start":{"line":35,"column":22},"end":{"line":37,"column":8}},"19":{"start":{"line":38,"column":6},"end":{"line":38,"column":18}},"20":{"start":{"line":40,"column":6},"end":{"line":40,"column":69}},"21":{"start":{"line":41,"column":6},"end":{"line":41,"column":19}},"22":{"start":{"line":13,"column":13},"end":{"line":13,"column":22}},"23":{"start":{"line":13,"column":13},"end":{"line":44,"column":null}}},"fnMap":{"0":{"name":"(anonymous_2)","decl":{"start":{"line":14,"column":2},"end":{"line":14,"column":null}},"loc":{"start":{"line":16,"column":40},"end":{"line":17,"column":6}}},"1":{"name":"(anonymous_3)","decl":{"start":{"line":19,"column":2},"end":{"line":19,"column":7}},"loc":{"start":{"line":19,"column":45},"end":{"line":43,"column":3}}}},"branchMap":{"0":{"loc":{"start":{"line":23,"column":4},"end":{"line":29,"column":5}},"type":"if","locations":[{"start":{"line":23,"column":4},"end":{"line":29,"column":5}}]},"1":{"loc":{"start":{"line":25,"column":6},"end":{"line":27,"column":7}},"type":"if","locations":[{"start":{"line":25,"column":6},"end":{"line":27,"column":7}}]},"2":{"loc":{"start":{"line":30,"column":4},"end":{"line":32,"column":5}},"type":"if","locations":[{"start":{"line":30,"column":4},"end":{"line":32,"column":5}}]},"3":{"loc":{"start":{"line":30,"column":8},"end":{"line":30,"column":43}},"type":"binary-expr","locations":[{"start":{"line":30,"column":8},"end":{"line":30,"column":15}},{"start":{"line":30,"column":19},"end":{"line":30,"column":43}}]}},"s":{"0":0,"1":0,"2":0,"3":0,"4":0,"5":0,"6":0,"7":0,"8":0,"9":0,"10":0,"11":0,"12":0,"13":0,"14":0,"15":0,"16":0,"17":0,"18":0,"19":0,"20":0,"21":0,"22":0,"23":0},"f":{"0":0,"1":0},"b":{"0":[0],"1":[0],"2":[0],"3":[0,0]}}
,"D:\\Manh\\MyProject\\CLV\\Task_Management_New\\task-mangement\\auth_service\\src\\auth\\auth.module.ts": {"path":"D:\\Manh\\MyProject\\CLV\\Task_Management_New\\task-mangement\\auth_service\\src\\auth\\auth.module.ts","statementMap":{"0":{"start":{"line":1,"column":0},"end":{"line":1,"column":40}},"1":{"start":{"line":2,"column":0},"end":{"line":2,"column":51}},"2":{"start":{"line":3,"column":0},"end":{"line":3,"column":45}},"3":{"start":{"line":4,"column":0},"end":{"line":4,"column":46}},"4":{"start":{"line":5,"column":0},"end":{"line":5,"column":48}},"5":{"start":{"line":6,"column":0},"end":{"line":6,"column":40}},"6":{"start":{"line":7,"column":0},"end":{"line":7,"column":46}},"7":{"start":{"line":8,"column":0},"end":{"line":8,"column":74}},"8":{"start":{"line":9,"column":0},"end":{"line":9,"column":48}},"9":{"start":{"line":10,"column":0},"end":{"line":10,"column":66}},"10":{"start":{"line":27,"column":7},"end":{"line":27,"column":null}},"11":{"start":{"line":27,"column":13},"end":{"line":27,"column":23}},"12":{"start":{"line":27,"column":13},"end":{"line":27,"column":null}}},"fnMap":{},"branchMap":{},"s":{"0":0,"1":0,"2":0,"3":0,"4":0,"5":0,"6":0,"7":0,"8":0,"9":0,"10":0,"11":0,"12":0},"f":{},"b":{}}
,"D:\\Manh\\MyProject\\CLV\\Task_Management_New\\task-mangement\\auth_service\\src\\auth\\auth.service.spec.ts": {"path":"D:\\Manh\\MyProject\\CLV\\Task_Management_New\\task-mangement\\auth_service\\src\\auth\\auth.service.spec.ts","statementMap":{"0":{"start":{"line":1,"column":0},"end":{"line":1,"column":54}},"1":{"start":{"line":2,"column":0},"end":{"line":2,"column":45}},"2":{"start":{"line":4,"column":0},"end":{"line":18,"column":3}},"3":{"start":{"line":7,"column":2},"end":{"line":13,"column":5}},"4":{"start":{"line":8,"column":34},"end":{"line":10,"column":16}},"5":{"start":{"line":12,"column":4},"end":{"line":12,"column":51}},"6":{"start":{"line":15,"column":2},"end":{"line":17,"column":5}},"7":{"start":{"line":16,"column":4},"end":{"line":16,"column":34}}},"fnMap":{"0":{"name":"(anonymous_0)","decl":{"start":{"line":4,"column":24},"end":{"line":4,"column":27}},"loc":{"start":{"line":4,"column":29},"end":{"line":18,"column":1}}},"1":{"name":"(anonymous_1)","decl":{"start":{"line":7,"column":13},"end":{"line":7,"column":18}},"loc":{"start":{"line":7,"column":24},"end":{"line":13,"column":3}}},"2":{"name":"(anonymous_2)","decl":{"start":{"line":15,"column":26},"end":{"line":15,"column":29}},"loc":{"start":{"line":15,"column":31},"end":{"line":17,"column":3}}}},"branchMap":{},"s":{"0":0,"1":0,"2":0,"3":0,"4":0,"5":0,"6":0,"7":0},"f":{"0":0,"1":0,"2":0},"b":{}}
,"D:\\Manh\\MyProject\\CLV\\Task_Management_New\\task-mangement\\auth_service\\src\\auth\\auth.service.ts": {"path":"D:\\Manh\\MyProject\\CLV\\Task_Management_New\\task-mangement\\auth_service\\src\\auth\\auth.service.ts","statementMap":{"0":{"start":{"line":1,"column":0},"end":{"line":1,"column":44}},"1":{"start":{"line":2,"column":0},"end":{"line":2,"column":51}},"2":{"start":{"line":3,"column":0},"end":{"line":3,"column":37}},"3":{"start":{"line":4,"column":0},"end":{"line":4,"column":46}},"4":{"start":{"line":16,"column":0},"end":{"line":16,"column":33}},"5":{"start":{"line":17,"column":0},"end":{"line":17,"column":41}},"6":{"start":{"line":18,"column":0},"end":{"line":18,"column":47}},"7":{"start":{"line":22,"column":0},"end":{"line":22,"column":74}},"8":{"start":{"line":23,"column":0},"end":{"line":23,"column":48}},"9":{"start":{"line":24,"column":0},"end":{"line":24,"column":69}},"10":{"start":{"line":25,"column":0},"end":{"line":25,"column":66}},"11":{"start":{"line":27,"column":7},"end":{"line":453,"column":null}},"12":{"start":{"line":30,"column":21},"end":{"line":30,"column":37}},"13":{"start":{"line":31,"column":12},"end":{"line":31,"column":24}},"14":{"start":{"line":32,"column":12},"end":{"line":32,"column":27}},"15":{"start":{"line":33,"column":21},"end":{"line":33,"column":36}},"16":{"start":{"line":34,"column":21},"end":{"line":34,"column":35}},"17":{"start":{"line":35,"column":21},"end":{"line":35,"column":36}},"18":{"start":{"line":75,"column":19},"end":{"line":75,"column":53}},"19":{"start":{"line":76,"column":4},"end":{"line":81,"column":8}},"20":{"start":{"line":77,"column":6},"end":{"line":81,"column":8}},"21":{"start":{"line":82,"column":4},"end":{"line":100,"column":5}},"22":{"start":{"line":83,"column":19},"end":{"line":85,"column":8}},"23":{"start":{"line":86,"column":6},"end":{"line":92,"column":7}},"24":{"start":{"line":87,"column":8},"end":{"line":91,"column":10}},"25":{"start":{"line":93,"column":6},"end":{"line":93,"column":75}},"26":{"start":{"line":95,"column":6},"end":{"line":99,"column":8}},"27":{"start":{"line":105,"column":4},"end":{"line":134,"column":5}},"28":{"start":{"line":106,"column":32},"end":{"line":107,"column":null}},"29":{"start":{"line":109,"column":6},"end":{"line":118,"column":7}},"30":{"start":{"line":110,"column":8},"end":{"line":117,"column":10}},"31":{"start":{"line":119,"column":27},"end":{"line":119,"column":79}},"32":{"start":{"line":120,"column":21},"end":{"line":123,"column":8}},"33":{"start":{"line":124,"column":6},"end":{"line":124,"column":45}},"34":{"start":{"line":126,"column":6},"end":{"line":133,"column":8}},"35":{"start":{"line":135,"column":27},"end":{"line":137,"column":6}},"36":{"start":{"line":138,"column":4},"end":{"line":147,"column":5}},"37":{"start":{"line":139,"column":6},"end":{"line":146,"column":8}},"38":{"start":{"line":148,"column":29},"end":{"line":162,"column":15}},"39":{"start":{"line":163,"column":4},"end":{"line":167,"column":6}},"40":{"start":{"line":170,"column":26},"end":{"line":170,"column":52}},"41":{"start":{"line":171,"column":4},"end":{"line":171,"column":34}},"42":{"start":{"line":172,"column":4},"end":{"line":172,"column":34}},"43":{"start":{"line":173,"column":4},"end":{"line":173,"column":70}},"44":{"start":{"line":175,"column":4},"end":{"line":187,"column":5}},"45":{"start":{"line":179,"column":6},"end":{"line":186,"column":8}},"46":{"start":{"line":189,"column":4},"end":{"line":254,"column":5}},"47":{"start":{"line":190,"column":19},"end":{"line":192,"column":8}},"48":{"start":{"line":193,"column":6},"end":{"line":202,"column":7}},"49":{"start":{"line":194,"column":8},"end":{"line":201,"column":10}},"50":{"start":{"line":203,"column":24},"end":{"line":205,"column":null}},"51":{"start":{"line":207,"column":6},"end":{"line":216,"column":7}},"52":{"start":{"line":208,"column":8},"end":{"line":215,"column":10}},"53":{"start":{"line":218,"column":22},"end":{"line":218,"column":56}},"54":{"start":{"line":219,"column":20},"end":{"line":219,"column":53}},"55":{"start":{"line":221,"column":6},"end":{"line":226,"column":8}},"56":{"start":{"line":227,"column":28},"end":{"line":242,"column":8}},"57":{"start":{"line":243,"column":6},"end":{"line":243,"column":73}},"58":{"start":{"line":245,"column":6},"end":{"line":245,"column":49}},"59":{"start":{"line":246,"column":6},"end":{"line":253,"column":8}},"60":{"start":{"line":316,"column":4},"end":{"line":362,"column":5}},"61":{"start":{"line":317,"column":6},"end":{"line":326,"column":7}},"62":{"start":{"line":321,"column":8},"end":{"line":325,"column":10}},"63":{"start":{"line":328,"column":19},"end":{"line":331,"column":8}},"64":{"start":{"line":332,"column":6},"end":{"line":338,"column":7}},"65":{"start":{"line":333,"column":8},"end":{"line":337,"column":10}},"66":{"start":{"line":339,"column":26},"end":{"line":339,"column":67}},"67":{"start":{"line":340,"column":6},"end":{"line":355,"column":8}},"68":{"start":{"line":357,"column":6},"end":{"line":361,"column":8}},"69":{"start":{"line":367,"column":4},"end":{"line":376,"column":5}},"70":{"start":{"line":371,"column":6},"end":{"line":375,"column":8}},"71":{"start":{"line":377,"column":4},"end":{"line":435,"column":5}},"72":{"start":{"line":378,"column":26},"end":{"line":379,"column":null}},"73":{"start":{"line":382,"column":19},"end":{"line":384,"column":8}},"74":{"start":{"line":385,"column":6},"end":{"line":391,"column":7}},"75":{"start":{"line":386,"column":8},"end":{"line":390,"column":10}},"76":{"start":{"line":393,"column":23},"end":{"line":394,"column":null}},"77":{"start":{"line":397,"column":6},"end":{"line":403,"column":7}},"78":{"start":{"line":398,"column":8},"end":{"line":402,"column":10}},"79":{"start":{"line":404,"column":27},"end":{"line":405,"column":null}},"80":{"start":{"line":407,"column":6},"end":{"line":412,"column":8}},"81":{"start":{"line":413,"column":6},"end":{"line":428,"column":8}},"82":{"start":{"line":430,"column":6},"end":{"line":434,"column":8}},"83":{"start":{"line":438,"column":4},"end":{"line":445,"column":22}},"84":{"start":{"line":439,"column":26},"end":{"line":439,"column":66}},"85":{"start":{"line":440,"column":27},"end":{"line":443,"column":8}},"86":{"start":{"line":444,"column":6},"end":{"line":444,"column":43}},"87":{"start":{"line":448,"column":22},"end":{"line":448,"column":24}},"88":{"start":{"line":449,"column":17},"end":{"line":449,"column":48}},"89":{"start":{"line":450,"column":17},"end":{"line":450,"column":50}},"90":{"start":{"line":451,"column":4},"end":{"line":451,"column":16}},"91":{"start":{"line":27,"column":13},"end":{"line":27,"column":24}},"92":{"start":{"line":27,"column":13},"end":{"line":453,"column":null}}},"fnMap":{"0":{"name":"(anonymous_4)","decl":{"start":{"line":28,"column":2},"end":{"line":28,"column":null}},"loc":{"start":{"line":35,"column":49},"end":{"line":36,"column":6}}},"1":{"name":"(anonymous_5)","decl":{"start":{"line":74,"column":2},"end":{"line":74,"column":7}},"loc":{"start":{"line":74,"column":30},"end":{"line":101,"column":3}}},"2":{"name":"(anonymous_6)","decl":{"start":{"line":102,"column":2},"end":{"line":102,"column":7}},"loc":{"start":{"line":103,"column":43},"end":{"line":168,"column":3}}},"3":{"name":"(anonymous_7)","decl":{"start":{"line":169,"column":2},"end":{"line":169,"column":7}},"loc":{"start":{"line":169,"column":47},"end":{"line":255,"column":3}}},"4":{"name":"(anonymous_8)","decl":{"start":{"line":313,"column":2},"end":{"line":313,"column":7}},"loc":{"start":{"line":314,"column":55},"end":{"line":363,"column":3}}},"5":{"name":"(anonymous_9)","decl":{"start":{"line":364,"column":2},"end":{"line":364,"column":7}},"loc":{"start":{"line":365,"column":53},"end":{"line":436,"column":3}}},"6":{"name":"(anonymous_10)","decl":{"start":{"line":437,"column":2},"end":{"line":437,"column":7}},"loc":{"start":{"line":437,"column":60},"end":{"line":446,"column":3}}},"7":{"name":"(anonymous_11)","decl":{"start":{"line":447,"column":2},"end":{"line":447,"column":7}},"loc":{"start":{"line":447,"column":37},"end":{"line":452,"column":3}}}},"branchMap":{"0":{"loc":{"start":{"line":76,"column":4},"end":{"line":81,"column":8}},"type":"if","locations":[{"start":{"line":76,"column":4},"end":{"line":81,"column":8}}]},"1":{"loc":{"start":{"line":86,"column":6},"end":{"line":92,"column":7}},"type":"if","locations":[{"start":{"line":86,"column":6},"end":{"line":92,"column":7}}]},"2":{"loc":{"start":{"line":109,"column":6},"end":{"line":118,"column":7}},"type":"if","locations":[{"start":{"line":109,"column":6},"end":{"line":118,"column":7}}]},"3":{"loc":{"start":{"line":138,"column":4},"end":{"line":147,"column":5}},"type":"if","locations":[{"start":{"line":138,"column":4},"end":{"line":147,"column":5}}]},"4":{"loc":{"start":{"line":175,"column":4},"end":{"line":187,"column":5}},"type":"if","locations":[{"start":{"line":175,"column":4},"end":{"line":187,"column":5}}]},"5":{"loc":{"start":{"line":176,"column":6},"end":{"line":177,"column":64}},"type":"binary-expr","locations":[{"start":{"line":176,"column":6},"end":{"line":176,"column":64}},{"start":{"line":177,"column":6},"end":{"line":177,"column":64}}]},"6":{"loc":{"start":{"line":193,"column":6},"end":{"line":202,"column":7}},"type":"if","locations":[{"start":{"line":193,"column":6},"end":{"line":202,"column":7}}]},"7":{"loc":{"start":{"line":207,"column":6},"end":{"line":216,"column":7}},"type":"if","locations":[{"start":{"line":207,"column":6},"end":{"line":216,"column":7}}]},"8":{"loc":{"start":{"line":237,"column":24},"end":{"line":237,"column":49}},"type":"binary-expr","locations":[{"start":{"line":237,"column":24},"end":{"line":237,"column":43}},{"start":{"line":237,"column":47},"end":{"line":237,"column":49}}]},"9":{"loc":{"start":{"line":238,"column":23},"end":{"line":238,"column":47}},"type":"binary-expr","locations":[{"start":{"line":238,"column":23},"end":{"line":238,"column":41}},{"start":{"line":238,"column":45},"end":{"line":238,"column":47}}]},"10":{"loc":{"start":{"line":317,"column":6},"end":{"line":326,"column":7}},"type":"if","locations":[{"start":{"line":317,"column":6},"end":{"line":326,"column":7}}]},"11":{"loc":{"start":{"line":318,"column":8},"end":{"line":319,"column":75}},"type":"binary-expr","locations":[{"start":{"line":318,"column":8},"end":{"line":318,"column":72}},{"start":{"line":319,"column":8},"end":{"line":319,"column":75}}]},"12":{"loc":{"start":{"line":332,"column":6},"end":{"line":338,"column":7}},"type":"if","locations":[{"start":{"line":332,"column":6},"end":{"line":338,"column":7}}]},"13":{"loc":{"start":{"line":367,"column":4},"end":{"line":376,"column":5}},"type":"if","locations":[{"start":{"line":367,"column":4},"end":{"line":376,"column":5}}]},"14":{"loc":{"start":{"line":368,"column":6},"end":{"line":369,"column":75}},"type":"binary-expr","locations":[{"start":{"line":368,"column":6},"end":{"line":368,"column":76}},{"start":{"line":369,"column":6},"end":{"line":369,"column":75}}]},"15":{"loc":{"start":{"line":385,"column":6},"end":{"line":391,"column":7}},"type":"if","locations":[{"start":{"line":385,"column":6},"end":{"line":391,"column":7}}]},"16":{"loc":{"start":{"line":397,"column":6},"end":{"line":403,"column":7}},"type":"if","locations":[{"start":{"line":397,"column":6},"end":{"line":403,"column":7}}]}},"s":{"0":1,"1":1,"2":1,"3":1,"4":1,"5":1,"6":1,"7":1,"8":1,"9":1,"10":1,"11":1,"12":28,"13":28,"14":28,"15":28,"16":28,"17":28,"18":6,"19":6,"20":3,"21":3,"22":3,"23":2,"24":1,"25":1,"26":1,"27":4,"28":4,"29":4,"30":1,"31":3,"32":3,"33":3,"34":1,"35":2,"36":2,"37":1,"38":1,"39":1,"40":6,"41":6,"42":6,"43":6,"44":6,"45":2,"46":4,"47":4,"48":4,"49":1,"50":3,"51":3,"52":1,"53":2,"54":2,"55":2,"56":1,"57":1,"58":1,"59":1,"60":5,"61":5,"62":2,"63":3,"64":2,"65":1,"66":1,"67":1,"68":1,"69":6,"70":2,"71":4,"72":4,"73":4,"74":3,"75":1,"76":2,"77":2,"78":1,"79":1,"80":1,"81":1,"82":1,"83":0,"84":0,"85":0,"86":0,"87":4,"88":4,"89":4,"90":4,"91":1,"92":1},"f":{"0":28,"1":6,"2":4,"3":6,"4":5,"5":6,"6":0,"7":4},"b":{"0":[3],"1":[1],"2":[1],"3":[1],"4":[2],"5":[6,4],"6":[1],"7":[1],"8":[1,0],"9":[1,0],"10":[2],"11":[5,3],"12":[1],"13":[2],"14":[6,4],"15":[1],"16":[1]}}
,"D:\\Manh\\MyProject\\CLV\\Task_Management_New\\task-mangement\\auth_service\\src\\tests\\mocks\\crypto.service.mock.ts": {"path":"D:\\Manh\\MyProject\\CLV\\Task_Management_New\\task-mangement\\auth_service\\src\\tests\\mocks\\crypto.service.mock.ts","statementMap":{"0":{"start":{"line":1,"column":0},"end":{"line":1,"column":33}},"1":{"start":{"line":4,"column":19},"end":{"line":4,"column":45}},"2":{"start":{"line":6,"column":19},"end":{"line":10,"column":18}},"3":{"start":{"line":11,"column":19},"end":{"line":11,"column":47}},"4":{"start":{"line":15,"column":4},"end":{"line":15,"column":35}},"5":{"start":{"line":20,"column":4},"end":{"line":20,"column":35}},"6":{"start":{"line":3,"column":0},"end":{"line":3,"column":13}}},"fnMap":{"0":{"name":"(anonymous_0)","decl":{"start":{"line":3,"column":0},"end":{"line":3,"column":13}},"loc":{"start":{"line":3,"column":0},"end":{"line":22,"column":1}}},"1":{"name":"(anonymous_1)","decl":{"start":{"line":13,"column":2},"end":{"line":13,"column":9}},"loc":{"start":{"line":13,"column":22},"end":{"line":16,"column":3}}},"2":{"name":"(anonymous_2)","decl":{"start":{"line":18,"column":2},"end":{"line":18,"column":9}},"loc":{"start":{"line":18,"column":31},"end":{"line":21,"column":3}}}},"branchMap":{},"s":{"0":1,"1":28,"2":28,"3":28,"4":0,"5":4,"6":1},"f":{"0":28,"1":0,"2":4},"b":{}}
,"D:\\Manh\\MyProject\\CLV\\Task_Management_New\\task-mangement\\auth_service\\src\\tests\\mocks\\index.ts": {"path":"D:\\Manh\\MyProject\\CLV\\Task_Management_New\\task-mangement\\auth_service\\src\\tests\\mocks\\index.ts","statementMap":{"0":{"start":{"line":1,"column":0},"end":{"line":1,"column":38}}},"fnMap":{},"branchMap":{},"s":{"0":1},"f":{},"b":{}}
}
