TN:
SF:src\app.controller.spec.ts
FN:5,(anonymous_0)
FN:8,(anonymous_1)
FN:17,(anonymous_2)
FN:18,(anonymous_3)
FNF:4
FNH:0
FNDA:0,(anonymous_0)
FNDA:0,(anonymous_1)
FNDA:0,(anonymous_2)
FNDA:0,(anonymous_3)
DA:1,0
DA:2,0
DA:3,0
DA:5,0
DA:8,0
DA:9,0
DA:14,0
DA:17,0
DA:18,0
DA:19,0
LF:10
LH:0
BRF:0
BRH:0
end_of_record
TN:
SF:src\auth\auth.controller.spec.ts
FN:4,(anonymous_0)
FN:7,(anonymous_1)
FN:15,(anonymous_2)
FNF:3
FNH:0
FNDA:0,(anonymous_0)
FNDA:0,(anonymous_1)
FNDA:0,(anonymous_2)
DA:1,0
DA:2,0
DA:4,0
DA:7,0
DA:8,0
DA:12,0
DA:15,0
DA:16,0
LF:8
LH:0
BRF:0
BRH:0
end_of_record
TN:
SF:src\auth\auth.guard.ts
FN:14,(anonymous_2)
FN:19,(anonymous_3)
FNF:2
FNH:0
FNDA:0,(anonymous_2)
FNDA:0,(anonymous_3)
DA:1,0
DA:7,0
DA:8,0
DA:9,0
DA:13,0
DA:15,0
DA:16,0
DA:20,0
DA:21,0
DA:23,0
DA:24,0
DA:25,0
DA:26,0
DA:28,0
DA:30,0
DA:31,0
DA:33,0
DA:34,0
DA:35,0
DA:38,0
DA:40,0
DA:41,0
LF:22
LH:0
BRDA:23,0,0,0
BRDA:25,1,0,0
BRDA:30,2,0,0
BRDA:30,3,0,0
BRDA:30,3,1,0
BRF:5
BRH:0
end_of_record
TN:
SF:src\auth\auth.module.ts
FNF:0
FNH:0
DA:1,0
DA:2,0
DA:3,0
DA:4,0
DA:5,0
DA:6,0
DA:7,0
DA:8,0
DA:9,0
DA:10,0
DA:27,0
LF:11
LH:0
BRF:0
BRH:0
end_of_record
TN:
SF:src\auth\auth.service.spec.ts
FN:4,(anonymous_0)
FN:7,(anonymous_1)
FN:15,(anonymous_2)
FNF:3
FNH:0
FNDA:0,(anonymous_0)
FNDA:0,(anonymous_1)
FNDA:0,(anonymous_2)
DA:1,0
DA:2,0
DA:4,0
DA:7,0
DA:8,0
DA:12,0
DA:15,0
DA:16,0
LF:8
LH:0
BRF:0
BRH:0
end_of_record
TN:
SF:src\auth\auth.service.ts
FN:28,(anonymous_4)
FN:74,(anonymous_5)
FN:102,(anonymous_6)
FN:169,(anonymous_7)
FN:313,(anonymous_8)
FN:364,(anonymous_9)
FN:437,(anonymous_10)
FN:447,(anonymous_11)
FNF:8
FNH:7
FNDA:28,(anonymous_4)
FNDA:6,(anonymous_5)
FNDA:4,(anonymous_6)
FNDA:6,(anonymous_7)
FNDA:5,(anonymous_8)
FNDA:6,(anonymous_9)
FNDA:0,(anonymous_10)
FNDA:4,(anonymous_11)
DA:1,1
DA:2,1
DA:3,1
DA:4,1
DA:16,1
DA:17,1
DA:18,1
DA:22,1
DA:23,1
DA:24,1
DA:25,1
DA:27,1
DA:30,28
DA:31,28
DA:32,28
DA:33,28
DA:34,28
DA:35,28
DA:75,6
DA:76,6
DA:77,3
DA:82,3
DA:83,3
DA:86,2
DA:87,1
DA:93,1
DA:95,1
DA:105,4
DA:106,4
DA:109,4
DA:110,1
DA:119,3
DA:120,3
DA:124,3
DA:126,1
DA:135,2
DA:138,2
DA:139,1
DA:148,1
DA:163,1
DA:170,6
DA:171,6
DA:172,6
DA:173,6
DA:175,6
DA:179,2
DA:189,4
DA:190,4
DA:193,4
DA:194,1
DA:203,3
DA:207,3
DA:208,1
DA:218,2
DA:219,2
DA:221,2
DA:227,1
DA:243,1
DA:245,1
DA:246,1
DA:316,5
DA:317,5
DA:321,2
DA:328,3
DA:332,2
DA:333,1
DA:339,1
DA:340,1
DA:357,1
DA:367,6
DA:371,2
DA:377,4
DA:378,4
DA:382,4
DA:385,3
DA:386,1
DA:393,2
DA:397,2
DA:398,1
DA:404,1
DA:407,1
DA:413,1
DA:430,1
DA:438,0
DA:439,0
DA:440,0
DA:444,0
DA:448,4
DA:449,4
DA:450,4
DA:451,4
LF:91
LH:87
BRDA:76,0,0,3
BRDA:86,1,0,1
BRDA:109,2,0,1
BRDA:138,3,0,1
BRDA:175,4,0,2
BRDA:176,5,0,6
BRDA:176,5,1,4
BRDA:193,6,0,1
BRDA:207,7,0,1
BRDA:237,8,0,1
BRDA:237,8,1,0
BRDA:238,9,0,1
BRDA:238,9,1,0
BRDA:317,10,0,2
BRDA:318,11,0,5
BRDA:318,11,1,3
BRDA:332,12,0,1
BRDA:367,13,0,2
BRDA:368,14,0,6
BRDA:368,14,1,4
BRDA:385,15,0,1
BRDA:397,16,0,1
BRF:22
BRH:20
end_of_record
TN:
SF:src\tests\mocks\crypto.service.mock.ts
FN:3,(anonymous_0)
FN:13,(anonymous_1)
FN:18,(anonymous_2)
FNF:3
FNH:2
FNDA:28,(anonymous_0)
FNDA:0,(anonymous_1)
FNDA:4,(anonymous_2)
DA:1,1
DA:3,1
DA:4,28
DA:6,28
DA:11,28
DA:15,0
DA:20,4
LF:7
LH:6
BRF:0
BRH:0
end_of_record
TN:
SF:src\tests\mocks\index.ts
FNF:0
FNH:0
DA:1,1
LF:1
LH:1
BRF:0
BRH:0
end_of_record
